<?xml version="1.0" encoding="UTF-8"?>
<robot generator="Robot 7.0 (Python 3.11.5 on darwin)" generated="2024-05-08T16:41:31.985456" rpa="false" schemaversion="5">
<suite id="s1" name="Login Test Accepted Users" source="/Users/venkatabandi/google_backup/test_automation/robot-test-automation-sauce-demo/Tests/dev/login_test_accepted_users.robot">
<test id="s1-t1" name="LoginTestwithAcceptedUsernames" line="12">
<kw name="Valid login">
<kw name="Open my Browser" owner="login_test">
<kw name="Open Browser" owner="SeleniumLibrary">
<msg time="2024-05-08T16:41:33.117460" level="INFO">Opening browser 'Chrome' to base url 'https://www.saucedemo.com/'.</msg>
<arg>${URL}</arg>
<arg>browser=${BROWSER}</arg>
<doc>Opens a new browser instance to the optional ``url``.</doc>
<status status="PASS" start="2024-05-08T16:41:33.117077" elapsed="2.616692"/>
</kw>
<kw name="Set Window Position" owner="SeleniumLibrary">
<arg>0</arg>
<arg>0</arg>
<doc>Sets window position using ``x`` and ``y`` coordinates.</doc>
<status status="PASS" start="2024-05-08T16:41:35.734530" elapsed="0.326267"/>
</kw>
<kw name="Set Window Size" owner="SeleniumLibrary">
<arg>960</arg>
<arg>1000</arg>
<doc>Sets current windows size to given ``width`` and ``height``.</doc>
<status status="PASS" start="2024-05-08T16:41:36.061034" elapsed="0.087245"/>
</kw>
<status status="PASS" start="2024-05-08T16:41:33.115816" elapsed="3.032659"/>
</kw>
<kw name="Input username" owner="login_test">
<kw name="Input Text" owner="SeleniumLibrary">
<msg time="2024-05-08T16:41:36.150138" level="INFO">Typing text 'standard_user' into text field 'id=user-name'.</msg>
<arg>id=user-name</arg>
<arg>${username}</arg>
<doc>Types the given ``text`` into the text field identified by ``locator``.</doc>
<status status="PASS" start="2024-05-08T16:41:36.149370" elapsed="0.294643"/>
</kw>
<arg>${username}</arg>
<status status="PASS" start="2024-05-08T16:41:36.148812" elapsed="0.295360"/>
</kw>
<kw name="Input pwd" owner="login_test">
<kw name="Input Text" owner="SeleniumLibrary">
<msg time="2024-05-08T16:41:36.445530" level="INFO">Typing text 'secret_sauce' into text field 'id=password'.</msg>
<arg>id=password</arg>
<arg>${password}</arg>
<doc>Types the given ``text`` into the text field identified by ``locator``.</doc>
<status status="PASS" start="2024-05-08T16:41:36.445094" elapsed="0.098586"/>
</kw>
<arg>${password}</arg>
<status status="PASS" start="2024-05-08T16:41:36.444467" elapsed="0.099369"/>
</kw>
<kw name="Click login button" owner="login_test">
<kw name="Click Button" owner="SeleniumLibrary">
<msg time="2024-05-08T16:41:36.544685" level="INFO">Clicking button 'id=login-button'.</msg>
<arg>id=login-button</arg>
<doc>Clicks the button identified by ``locator``.</doc>
<status status="PASS" start="2024-05-08T16:41:36.544427" elapsed="0.127665"/>
</kw>
<status status="PASS" start="2024-05-08T16:41:36.544062" elapsed="0.128232"/>
</kw>
<kw name="Welcome page should be visible" owner="login_test">
<kw name="Page Should Contain Element" owner="SeleniumLibrary">
<msg time="2024-05-08T16:41:36.686583" level="INFO">Current page contains element 'xpath=//*[@id="shopping_cart_container"]'.</msg>
<arg>xpath=//*[@id="shopping_cart_container"]</arg>
<doc>Verifies that element ``locator`` is found on the current page.</doc>
<status status="PASS" start="2024-05-08T16:41:36.673074" elapsed="0.013695"/>
</kw>
<status status="PASS" start="2024-05-08T16:41:36.672656" elapsed="0.014325"/>
</kw>
<arg>username=standard_user</arg>
<arg>password=secret_sauce</arg>
<tag>Acceptedusers</tag>
<status status="PASS" start="2024-05-08T16:41:33.115338" elapsed="3.571796"/>
</kw>
<status status="PASS" start="2024-05-08T16:41:33.113909" elapsed="3.573825"/>
</test>
<test id="s1-t2" name="LoginTestwithAcceptedUsernames" line="12">
<kw name="Valid login">
<kw name="Open my Browser" owner="login_test">
<kw name="Open Browser" owner="SeleniumLibrary">
<msg time="2024-05-08T16:41:36.692144" level="INFO">Opening browser 'Chrome' to base url 'https://www.saucedemo.com/'.</msg>
<arg>${URL}</arg>
<arg>browser=${BROWSER}</arg>
<doc>Opens a new browser instance to the optional ``url``.</doc>
<status status="PASS" start="2024-05-08T16:41:36.691683" elapsed="2.565204"/>
</kw>
<kw name="Set Window Position" owner="SeleniumLibrary">
<arg>0</arg>
<arg>0</arg>
<doc>Sets window position using ``x`` and ``y`` coordinates.</doc>
<status status="PASS" start="2024-05-08T16:41:39.257656" elapsed="0.327988"/>
</kw>
<kw name="Set Window Size" owner="SeleniumLibrary">
<arg>960</arg>
<arg>1000</arg>
<doc>Sets current windows size to given ``width`` and ``height``.</doc>
<status status="PASS" start="2024-05-08T16:41:39.585951" elapsed="0.068856"/>
</kw>
<status status="PASS" start="2024-05-08T16:41:36.691285" elapsed="2.963755"/>
</kw>
<kw name="Input username" owner="login_test">
<kw name="Input Text" owner="SeleniumLibrary">
<msg time="2024-05-08T16:41:39.656471" level="INFO">Typing text 'locked_out_user' into text field 'id=user-name'.</msg>
<arg>id=user-name</arg>
<arg>${username}</arg>
<doc>Types the given ``text`` into the text field identified by ``locator``.</doc>
<status status="PASS" start="2024-05-08T16:41:39.656070" elapsed="0.307726"/>
</kw>
<arg>${username}</arg>
<status status="PASS" start="2024-05-08T16:41:39.655507" elapsed="0.308434"/>
</kw>
<kw name="Input pwd" owner="login_test">
<kw name="Input Text" owner="SeleniumLibrary">
<msg time="2024-05-08T16:41:39.964823" level="INFO">Typing text 'secret_sauce' into text field 'id=password'.</msg>
<arg>id=password</arg>
<arg>${password}</arg>
<doc>Types the given ``text`` into the text field identified by ``locator``.</doc>
<status status="PASS" start="2024-05-08T16:41:39.964576" elapsed="0.151657"/>
</kw>
<arg>${password}</arg>
<status status="PASS" start="2024-05-08T16:41:39.964141" elapsed="0.152328"/>
</kw>
<kw name="Click login button" owner="login_test">
<kw name="Click Button" owner="SeleniumLibrary">
<msg time="2024-05-08T16:41:40.117557" level="INFO">Clicking button 'id=login-button'.</msg>
<arg>id=login-button</arg>
<doc>Clicks the button identified by ``locator``.</doc>
<status status="PASS" start="2024-05-08T16:41:40.117250" elapsed="0.140896"/>
</kw>
<status status="PASS" start="2024-05-08T16:41:40.116775" elapsed="0.141497"/>
</kw>
<kw name="Welcome page should be visible" owner="login_test">
<kw name="Page Should Contain Element" owner="SeleniumLibrary">
<msg time="2024-05-08T16:41:40.397900" level="INFO" html="true">&lt;/td&gt;&lt;/tr&gt;&lt;tr&gt;&lt;td colspan="3"&gt;&lt;a href="selenium-screenshot-8.png"&gt;&lt;img src="selenium-screenshot-8.png" width="800px"&gt;&lt;/a&gt;</msg>
<msg time="2024-05-08T16:41:40.398144" level="FAIL">Page should have contained element 'xpath=//*[@id="shopping_cart_container"]' but did not.</msg>
<arg>xpath=//*[@id="shopping_cart_container"]</arg>
<doc>Verifies that element ``locator`` is found on the current page.</doc>
<status status="FAIL" start="2024-05-08T16:41:40.258750" elapsed="0.144753">Page should have contained element 'xpath=//*[@id="shopping_cart_container"]' but did not.</status>
</kw>
<status status="FAIL" start="2024-05-08T16:41:40.258455" elapsed="0.145481">Page should have contained element 'xpath=//*[@id="shopping_cart_container"]' but did not.</status>
</kw>
<arg>username=locked_out_user</arg>
<arg>password=secret_sauce</arg>
<tag>Acceptedusers</tag>
<status status="FAIL" start="2024-05-08T16:41:36.690639" elapsed="3.713556">Page should have contained element 'xpath=//*[@id="shopping_cart_container"]' but did not.</status>
</kw>
<status status="FAIL" start="2024-05-08T16:41:36.688852" elapsed="3.715737">Page should have contained element 'xpath=//*[@id="shopping_cart_container"]' but did not.</status>
</test>
<test id="s1-t3" name="LoginTestwithAcceptedUsernames" line="12">
<kw name="Valid login">
<kw name="Open my Browser" owner="login_test">
<kw name="Open Browser" owner="SeleniumLibrary">
<msg time="2024-05-08T16:41:40.408576" level="INFO">Opening browser 'Chrome' to base url 'https://www.saucedemo.com/'.</msg>
<arg>${URL}</arg>
<arg>browser=${BROWSER}</arg>
<doc>Opens a new browser instance to the optional ``url``.</doc>
<status status="PASS" start="2024-05-08T16:41:40.408255" elapsed="3.030712"/>
</kw>
<kw name="Set Window Position" owner="SeleniumLibrary">
<arg>0</arg>
<arg>0</arg>
<doc>Sets window position using ``x`` and ``y`` coordinates.</doc>
<status status="PASS" start="2024-05-08T16:41:43.458151" elapsed="0.328877"/>
</kw>
<kw name="Set Window Size" owner="SeleniumLibrary">
<arg>960</arg>
<arg>1000</arg>
<doc>Sets current windows size to given ``width`` and ``height``.</doc>
<status status="PASS" start="2024-05-08T16:41:43.787400" elapsed="0.078776"/>
</kw>
<status status="PASS" start="2024-05-08T16:41:40.407583" elapsed="3.460074"/>
</kw>
<kw name="Input username" owner="login_test">
<kw name="Input Text" owner="SeleniumLibrary">
<msg time="2024-05-08T16:41:43.869800" level="INFO">Typing text 'problem_user' into text field 'id=user-name'.</msg>
<arg>id=user-name</arg>
<arg>${username}</arg>
<doc>Types the given ``text`` into the text field identified by ``locator``.</doc>
<status status="PASS" start="2024-05-08T16:41:43.869215" elapsed="0.334771"/>
</kw>
<arg>${username}</arg>
<status status="PASS" start="2024-05-08T16:41:43.868222" elapsed="0.335975"/>
</kw>
<kw name="Input pwd" owner="login_test">
<kw name="Input Text" owner="SeleniumLibrary">
<msg time="2024-05-08T16:41:44.205616" level="INFO">Typing text 'secret_sauce' into text field 'id=password'.</msg>
<arg>id=password</arg>
<arg>${password}</arg>
<doc>Types the given ``text`` into the text field identified by ``locator``.</doc>
<status status="PASS" start="2024-05-08T16:41:44.205170" elapsed="0.137038"/>
</kw>
<arg>${password}</arg>
<status status="PASS" start="2024-05-08T16:41:44.204557" elapsed="0.137877"/>
</kw>
<kw name="Click login button" owner="login_test">
<kw name="Click Button" owner="SeleniumLibrary">
<msg time="2024-05-08T16:41:44.343937" level="INFO">Clicking button 'id=login-button'.</msg>
<arg>id=login-button</arg>
<doc>Clicks the button identified by ``locator``.</doc>
<status status="PASS" start="2024-05-08T16:41:44.343337" elapsed="0.171072"/>
</kw>
<status status="PASS" start="2024-05-08T16:41:44.342644" elapsed="0.171967"/>
</kw>
<kw name="Welcome page should be visible" owner="login_test">
<kw name="Page Should Contain Element" owner="SeleniumLibrary">
<msg time="2024-05-08T16:41:44.538020" level="INFO">Current page contains element 'xpath=//*[@id="shopping_cart_container"]'.</msg>
<arg>xpath=//*[@id="shopping_cart_container"]</arg>
<doc>Verifies that element ``locator`` is found on the current page.</doc>
<status status="PASS" start="2024-05-08T16:41:44.515877" elapsed="0.022298"/>
</kw>
<status status="PASS" start="2024-05-08T16:41:44.514993" elapsed="0.023358"/>
</kw>
<arg>username=problem_user</arg>
<arg>password=secret_sauce</arg>
<tag>Acceptedusers</tag>
<status status="PASS" start="2024-05-08T16:41:40.406932" elapsed="4.131543"/>
</kw>
<status status="PASS" start="2024-05-08T16:41:40.405073" elapsed="4.133982"/>
</test>
<test id="s1-t4" name="LoginTestwithAcceptedUsernames" line="12">
<kw name="Valid login">
<kw name="Open my Browser" owner="login_test">
<kw name="Open Browser" owner="SeleniumLibrary">
<msg time="2024-05-08T16:41:44.545600" level="INFO">Opening browser 'Chrome' to base url 'https://www.saucedemo.com/'.</msg>
<arg>${URL}</arg>
<arg>browser=${BROWSER}</arg>
<doc>Opens a new browser instance to the optional ``url``.</doc>
<status status="PASS" start="2024-05-08T16:41:44.544865" elapsed="4.159411"/>
</kw>
<kw name="Set Window Position" owner="SeleniumLibrary">
<arg>0</arg>
<arg>0</arg>
<doc>Sets window position using ``x`` and ``y`` coordinates.</doc>
<status status="PASS" start="2024-05-08T16:41:48.705346" elapsed="0.334499"/>
</kw>
<kw name="Set Window Size" owner="SeleniumLibrary">
<arg>960</arg>
<arg>1000</arg>
<doc>Sets current windows size to given ``width`` and ``height``.</doc>
<status status="PASS" start="2024-05-08T16:41:49.040111" elapsed="0.077651"/>
</kw>
<status status="PASS" start="2024-05-08T16:41:44.544213" elapsed="4.573797"/>
</kw>
<kw name="Input username" owner="login_test">
<kw name="Input Text" owner="SeleniumLibrary">
<msg time="2024-05-08T16:41:49.119727" level="INFO">Typing text 'performance_glitch_user' into text field 'id=user-name'.</msg>
<arg>id=user-name</arg>
<arg>${username}</arg>
<doc>Types the given ``text`` into the text field identified by ``locator``.</doc>
<status status="PASS" start="2024-05-08T16:41:49.119242" elapsed="0.371992"/>
</kw>
<arg>${username}</arg>
<status status="PASS" start="2024-05-08T16:41:49.118434" elapsed="0.373065"/>
</kw>
<kw name="Input pwd" owner="login_test">
<kw name="Input Text" owner="SeleniumLibrary">
<msg time="2024-05-08T16:41:49.493170" level="INFO">Typing text 'secret_sauce' into text field 'id=password'.</msg>
<arg>id=password</arg>
<arg>${password}</arg>
<doc>Types the given ``text`` into the text field identified by ``locator``.</doc>
<status status="PASS" start="2024-05-08T16:41:49.492737" elapsed="0.149348"/>
</kw>
<arg>${password}</arg>
<status status="PASS" start="2024-05-08T16:41:49.492014" elapsed="0.150321"/>
</kw>
<kw name="Click login button" owner="login_test">
<kw name="Click Button" owner="SeleniumLibrary">
<msg time="2024-05-08T16:41:49.643445" level="INFO">Clicking button 'id=login-button'.</msg>
<arg>id=login-button</arg>
<doc>Clicks the button identified by ``locator``.</doc>
<status status="PASS" start="2024-05-08T16:41:49.643135" elapsed="5.192786"/>
</kw>
<status status="PASS" start="2024-05-08T16:41:49.642652" elapsed="5.193570"/>
</kw>
<kw name="Welcome page should be visible" owner="login_test">
<kw name="Page Should Contain Element" owner="SeleniumLibrary">
<msg time="2024-05-08T16:41:54.878972" level="INFO">Current page contains element 'xpath=//*[@id="shopping_cart_container"]'.</msg>
<arg>xpath=//*[@id="shopping_cart_container"]</arg>
<doc>Verifies that element ``locator`` is found on the current page.</doc>
<status status="PASS" start="2024-05-08T16:41:54.837166" elapsed="0.041971"/>
</kw>
<status status="PASS" start="2024-05-08T16:41:54.836557" elapsed="0.042736"/>
</kw>
<arg>username=performance_glitch_user</arg>
<arg>password=secret_sauce</arg>
<tag>Acceptedusers</tag>
<status status="PASS" start="2024-05-08T16:41:44.543462" elapsed="10.335944"/>
</kw>
<status status="PASS" start="2024-05-08T16:41:44.540166" elapsed="10.339810"/>
</test>
<test id="s1-t5" name="LoginTestwithAcceptedUsernames" line="12">
<kw name="Valid login">
<kw name="Open my Browser" owner="login_test">
<kw name="Open Browser" owner="SeleniumLibrary">
<msg time="2024-05-08T16:41:54.885345" level="INFO">Opening browser 'Chrome' to base url 'https://www.saucedemo.com/'.</msg>
<arg>${URL}</arg>
<arg>browser=${BROWSER}</arg>
<doc>Opens a new browser instance to the optional ``url``.</doc>
<status status="PASS" start="2024-05-08T16:41:54.884794" elapsed="4.254332"/>
</kw>
<kw name="Set Window Position" owner="SeleniumLibrary">
<arg>0</arg>
<arg>0</arg>
<doc>Sets window position using ``x`` and ``y`` coordinates.</doc>
<status status="PASS" start="2024-05-08T16:41:59.140121" elapsed="0.335543"/>
</kw>
<kw name="Set Window Size" owner="SeleniumLibrary">
<arg>960</arg>
<arg>1000</arg>
<doc>Sets current windows size to given ``width`` and ``height``.</doc>
<status status="PASS" start="2024-05-08T16:41:59.475973" elapsed="0.081932"/>
</kw>
<status status="PASS" start="2024-05-08T16:41:54.884225" elapsed="4.673965"/>
</kw>
<kw name="Input username" owner="login_test">
<kw name="Input Text" owner="SeleniumLibrary">
<msg time="2024-05-08T16:41:59.559893" level="INFO">Typing text 'error_user' into text field 'id=user-name'.</msg>
<arg>id=user-name</arg>
<arg>${username}</arg>
<doc>Types the given ``text`` into the text field identified by ``locator``.</doc>
<status status="PASS" start="2024-05-08T16:41:59.559372" elapsed="0.382384"/>
</kw>
<arg>${username}</arg>
<status status="PASS" start="2024-05-08T16:41:59.558534" elapsed="0.383429"/>
</kw>
<kw name="Input pwd" owner="login_test">
<kw name="Input Text" owner="SeleniumLibrary">
<msg time="2024-05-08T16:41:59.943245" level="INFO">Typing text 'secret_sauce' into text field 'id=password'.</msg>
<arg>id=password</arg>
<arg>${password}</arg>
<doc>Types the given ``text`` into the text field identified by ``locator``.</doc>
<status status="PASS" start="2024-05-08T16:41:59.942896" elapsed="0.185795"/>
</kw>
<arg>${password}</arg>
<status status="PASS" start="2024-05-08T16:41:59.942278" elapsed="0.221532"/>
</kw>
<kw name="Click login button" owner="login_test">
<kw name="Click Button" owner="SeleniumLibrary">
<msg time="2024-05-08T16:42:00.167854" level="INFO">Clicking button 'id=login-button'.</msg>
<arg>id=login-button</arg>
<doc>Clicks the button identified by ``locator``.</doc>
<status status="PASS" start="2024-05-08T16:42:00.166787" elapsed="0.183762"/>
</kw>
<status status="PASS" start="2024-05-08T16:42:00.164998" elapsed="0.185932"/>
</kw>
<kw name="Welcome page should be visible" owner="login_test">
<kw name="Page Should Contain Element" owner="SeleniumLibrary">
<msg time="2024-05-08T16:42:00.378810" level="INFO">Current page contains element 'xpath=//*[@id="shopping_cart_container"]'.</msg>
<arg>xpath=//*[@id="shopping_cart_container"]</arg>
<doc>Verifies that element ``locator`` is found on the current page.</doc>
<status status="PASS" start="2024-05-08T16:42:00.352467" elapsed="0.026534"/>
</kw>
<status status="PASS" start="2024-05-08T16:42:00.351680" elapsed="0.027518"/>
</kw>
<arg>username=error_user</arg>
<arg>password=secret_sauce</arg>
<tag>Acceptedusers</tag>
<status status="PASS" start="2024-05-08T16:41:54.883534" elapsed="5.495796"/>
</kw>
<status status="PASS" start="2024-05-08T16:41:54.880841" elapsed="5.498960"/>
</test>
<test id="s1-t6" name="LoginTestwithAcceptedUsernames" line="12">
<kw name="Valid login">
<kw name="Open my Browser" owner="login_test">
<kw name="Open Browser" owner="SeleniumLibrary">
<msg time="2024-05-08T16:42:00.386045" level="INFO">Opening browser 'Chrome' to base url 'https://www.saucedemo.com/'.</msg>
<arg>${URL}</arg>
<arg>browser=${BROWSER}</arg>
<doc>Opens a new browser instance to the optional ``url``.</doc>
<status status="PASS" start="2024-05-08T16:42:00.385197" elapsed="4.188269"/>
</kw>
<kw name="Set Window Position" owner="SeleniumLibrary">
<arg>0</arg>
<arg>0</arg>
<doc>Sets window position using ``x`` and ``y`` coordinates.</doc>
<status status="PASS" start="2024-05-08T16:42:04.574635" elapsed="0.334425"/>
</kw>
<kw name="Set Window Size" owner="SeleniumLibrary">
<arg>960</arg>
<arg>1000</arg>
<doc>Sets current windows size to given ``width`` and ``height``.</doc>
<status status="PASS" start="2024-05-08T16:42:04.909404" elapsed="0.083689"/>
</kw>
<status status="PASS" start="2024-05-08T16:42:00.384332" elapsed="4.609126"/>
</kw>
<kw name="Input username" owner="login_test">
<kw name="Input Text" owner="SeleniumLibrary">
<msg time="2024-05-08T16:42:04.995362" level="INFO">Typing text 'visual_user' into text field 'id=user-name'.</msg>
<arg>id=user-name</arg>
<arg>${username}</arg>
<doc>Types the given ``text`` into the text field identified by ``locator``.</doc>
<status status="PASS" start="2024-05-08T16:42:04.994828" elapsed="0.392169"/>
</kw>
<arg>${username}</arg>
<status status="PASS" start="2024-05-08T16:42:04.993944" elapsed="0.393341"/>
</kw>
<kw name="Input pwd" owner="login_test">
<kw name="Input Text" owner="SeleniumLibrary">
<msg time="2024-05-08T16:42:05.388787" level="INFO">Typing text 'secret_sauce' into text field 'id=password'.</msg>
<arg>id=password</arg>
<arg>${password}</arg>
<doc>Types the given ``text`` into the text field identified by ``locator``.</doc>
<status status="PASS" start="2024-05-08T16:42:05.388395" elapsed="0.187536"/>
</kw>
<arg>${password}</arg>
<status status="PASS" start="2024-05-08T16:42:05.387620" elapsed="0.188703"/>
</kw>
<kw name="Click login button" owner="login_test">
<kw name="Click Button" owner="SeleniumLibrary">
<msg time="2024-05-08T16:42:05.579357" level="INFO">Clicking button 'id=login-button'.</msg>
<arg>id=login-button</arg>
<doc>Clicks the button identified by ``locator``.</doc>
<status status="PASS" start="2024-05-08T16:42:05.577997" elapsed="0.181894"/>
</kw>
<status status="PASS" start="2024-05-08T16:42:05.577104" elapsed="0.183030"/>
</kw>
<kw name="Welcome page should be visible" owner="login_test">
<kw name="Page Should Contain Element" owner="SeleniumLibrary">
<msg time="2024-05-08T16:42:05.785737" level="INFO">Current page contains element 'xpath=//*[@id="shopping_cart_container"]'.</msg>
<arg>xpath=//*[@id="shopping_cart_container"]</arg>
<doc>Verifies that element ``locator`` is found on the current page.</doc>
<status status="PASS" start="2024-05-08T16:42:05.761254" elapsed="0.024663"/>
</kw>
<status status="PASS" start="2024-05-08T16:42:05.760608" elapsed="0.025552"/>
</kw>
<arg>username=visual_user</arg>
<arg>password=secret_sauce</arg>
<tag>Acceptedusers</tag>
<status status="PASS" start="2024-05-08T16:42:00.383448" elapsed="5.402923"/>
</kw>
<status status="PASS" start="2024-05-08T16:42:00.380693" elapsed="5.407164"/>
</test>
<kw name="Close Browsers" owner="login_test" type="TEARDOWN">
<kw name="Close All Browsers" owner="SeleniumLibrary">
<doc>Closes all open browsers and resets the browser cache.</doc>
<status status="PASS" start="2024-05-08T16:42:05.790018" elapsed="3.977706"/>
</kw>
<status status="PASS" start="2024-05-08T16:42:05.789528" elapsed="3.978497"/>
</kw>
<status status="FAIL" start="2024-05-08T16:41:31.986808" elapsed="37.781346"/>
</suite>
<statistics>
<total>
<stat pass="5" fail="1" skip="0">All Tests</stat>
</total>
<tag>
</tag>
<suite>
<stat pass="5" fail="1" skip="0" id="s1" name="Login Test Accepted Users">Login Test Accepted Users</stat>
</suite>
</statistics>
<errors>
<msg time="2024-05-08T16:41:36.688547" level="WARN">Multiple tests with name 'LoginTestwithAcceptedUsernames' executed in suite 'Login Test Accepted Users'.</msg>
<msg time="2024-05-08T16:41:40.404967" level="WARN">Multiple tests with name 'LoginTestwithAcceptedUsernames' executed in suite 'Login Test Accepted Users'.</msg>
<msg time="2024-05-08T16:41:44.539889" level="WARN">Multiple tests with name 'LoginTestwithAcceptedUsernames' executed in suite 'Login Test Accepted Users'.</msg>
<msg time="2024-05-08T16:41:54.880541" level="WARN">Multiple tests with name 'LoginTestwithAcceptedUsernames' executed in suite 'Login Test Accepted Users'.</msg>
<msg time="2024-05-08T16:42:00.380538" level="WARN">Multiple tests with name 'LoginTestwithAcceptedUsernames' executed in suite 'Login Test Accepted Users'.</msg>
</errors>
</robot>
