<?xml version="1.0" encoding="UTF-8"?>
<robot generator="Robot 7.0 (Python 3.11.5 on darwin)" generated="2024-05-08T11:50:23.626811" rpa="false" schemaversion="5">
<suite id="s1" name="Logintest Accepted Users" source="/Users/venkatabandi/google_backup/test_automation/robot-test-automation-sauce-demo/Tests/logintest_accepted_users.robot">
<test id="s1-t1" name="Log in test" line="11">
<kw name="Read Excel">
<kw name="Open Excel Document" owner="ExcelLibrary">
<arg>${filepath}</arg>
<arg>1</arg>
<doc>Opens xlsx document file.</doc>
<status status="PASS" start="2024-05-08T11:50:24.208225" elapsed="0.006035"/>
</kw>
<kw name="Get Sheet" owner="ExcelLibrary">
<arg>${sheetname}</arg>
<doc>Returns a page from the current document.</doc>
<status status="PASS" start="2024-05-08T11:50:24.214465" elapsed="0.000207"/>
</kw>
<kw name="Read Excel Cell" owner="ExcelLibrary">
<msg time="2024-05-08T11:50:24.215008" level="INFO">${username} = standard_user</msg>
<var>${username}</var>
<arg>${rownum}</arg>
<arg>${column1}</arg>
<doc>Returns content of a cell.</doc>
<status status="PASS" start="2024-05-08T11:50:24.214797" elapsed="0.000243"/>
</kw>
<kw name="Read Excel Cell" owner="ExcelLibrary">
<msg time="2024-05-08T11:50:24.215350" level="INFO">${password} = secret_sauce</msg>
<var>${password}</var>
<arg>${rownum}</arg>
<arg>${column2}</arg>
<doc>Returns content of a cell.</doc>
<status status="PASS" start="2024-05-08T11:50:24.215160" elapsed="0.000215"/>
</kw>
<kw name="Close Current Excel Document" owner="ExcelLibrary">
<doc>Closes current document.</doc>
<status status="PASS" start="2024-05-08T11:50:24.215486" elapsed="0.000087"/>
</kw>
<return>
<value>${username}</value>
<value>${password}</value>
<status status="PASS" start="2024-05-08T11:50:24.215627" elapsed="0.000047"/>
</return>
<msg time="2024-05-08T11:50:24.215825" level="INFO">${result} = ['standard_user', 'secret_sauce']</msg>
<var>${result}</var>
<arg>${filepath}</arg>
<arg>Sheet1</arg>
<arg>2</arg>
<arg>1</arg>
<arg>2</arg>
<status status="PASS" start="2024-05-08T11:50:24.207427" elapsed="0.008423"/>
</kw>
<kw name="Set Variable" owner="BuiltIn">
<msg time="2024-05-08T11:50:24.216215" level="INFO">${username} = standard_user</msg>
<var>${username}</var>
<arg>${result}[0]</arg>
<doc>Returns the given values which can then be assigned to a variables.</doc>
<status status="PASS" start="2024-05-08T11:50:24.216021" elapsed="0.000222"/>
</kw>
<kw name="Set Variable" owner="BuiltIn">
<msg time="2024-05-08T11:50:24.216539" level="INFO">${password} = secret_sauce</msg>
<var>${password}</var>
<arg>${result}[1]</arg>
<doc>Returns the given values which can then be assigned to a variables.</doc>
<status status="PASS" start="2024-05-08T11:50:24.216391" elapsed="0.000172"/>
</kw>
<kw name="Log" owner="BuiltIn">
<msg time="2024-05-08T11:50:24.216829" level="INFO">standard_user</msg>
<arg>${username}</arg>
<doc>Logs the given message with the given level.</doc>
<status status="PASS" start="2024-05-08T11:50:24.216705" elapsed="0.000168"/>
</kw>
<kw name="Log" owner="BuiltIn">
<msg time="2024-05-08T11:50:24.217103" level="INFO">secret_sauce</msg>
<arg>${password}</arg>
<doc>Logs the given message with the given level.</doc>
<status status="PASS" start="2024-05-08T11:50:24.216995" elapsed="0.000146"/>
</kw>
<kw name="Open my Browser" owner="login_test">
<kw name="Open Browser" owner="SeleniumLibrary">
<msg time="2024-05-08T11:50:24.217770" level="INFO">Opening browser 'Chrome' to base url 'https://www.saucedemo.com/'.</msg>
<arg>${URL}</arg>
<arg>browser=${BROWSER}</arg>
<doc>Opens a new browser instance to the optional ``url``.</doc>
<status status="PASS" start="2024-05-08T11:50:24.217552" elapsed="2.625110"/>
</kw>
<kw name="Set Window Position" owner="SeleniumLibrary">
<arg>0</arg>
<arg>0</arg>
<doc>Sets window position using ``x`` and ``y`` coordinates.</doc>
<status status="PASS" start="2024-05-08T11:50:26.843496" elapsed="0.325218"/>
</kw>
<kw name="Set Window Size" owner="SeleniumLibrary">
<arg>960</arg>
<arg>1000</arg>
<doc>Sets current windows size to given ``width`` and ``height``.</doc>
<status status="PASS" start="2024-05-08T11:50:27.168928" elapsed="0.071051"/>
</kw>
<status status="PASS" start="2024-05-08T11:50:24.217311" elapsed="3.022851"/>
</kw>
<kw name="Input username" owner="login_test">
<kw name="Input Text" owner="SeleniumLibrary">
<msg time="2024-05-08T11:50:27.242538" level="INFO">Typing text 'standard_user' into text field 'id=user-name'.</msg>
<arg>id=user-name</arg>
<arg>${username}</arg>
<doc>Types the given ``text`` into the text field identified by ``locator``.</doc>
<status status="PASS" start="2024-05-08T11:50:27.241864" elapsed="0.263321"/>
</kw>
<arg>${username}</arg>
<status status="PASS" start="2024-05-08T11:50:27.240880" elapsed="0.264454"/>
</kw>
<kw name="Input pwd" owner="login_test">
<kw name="Input Text" owner="SeleniumLibrary">
<msg time="2024-05-08T11:50:27.506475" level="INFO">Typing text 'secret_sauce' into text field 'id=password'.</msg>
<arg>id=password</arg>
<arg>${password}</arg>
<doc>Types the given ``text`` into the text field identified by ``locator``.</doc>
<status status="PASS" start="2024-05-08T11:50:27.505981" elapsed="0.105133"/>
</kw>
<arg>${password}</arg>
<status status="PASS" start="2024-05-08T11:50:27.505635" elapsed="0.105646"/>
</kw>
<kw name="Click login button" owner="login_test">
<kw name="Click Button" owner="SeleniumLibrary">
<msg time="2024-05-08T11:50:27.612156" level="INFO">Clicking button 'id=login-button'.</msg>
<arg>id=login-button</arg>
<doc>Clicks the button identified by ``locator``.</doc>
<status status="PASS" start="2024-05-08T11:50:27.611917" elapsed="0.122430"/>
</kw>
<status status="PASS" start="2024-05-08T11:50:27.611555" elapsed="0.123014"/>
</kw>
<kw name="Sleep" owner="BuiltIn">
<msg time="2024-05-08T11:50:29.735482" level="INFO">Slept 2 seconds.</msg>
<arg>2s</arg>
<doc>Pauses the test executed for the given time.</doc>
<status status="PASS" start="2024-05-08T11:50:27.734994" elapsed="2.000590"/>
</kw>
<kw name="Welcome page should be visible" owner="login_test">
<kw name="Page Should Contain Element" owner="SeleniumLibrary">
<msg time="2024-05-08T11:50:29.745682" level="INFO">Current page contains element 'xpath=//*[@id="shopping_cart_container"]'.</msg>
<arg>xpath=//*[@id="shopping_cart_container"]</arg>
<doc>Verifies that element ``locator`` is found on the current page.</doc>
<status status="PASS" start="2024-05-08T11:50:29.736147" elapsed="0.009632"/>
</kw>
<status status="PASS" start="2024-05-08T11:50:29.735856" elapsed="0.010039"/>
</kw>
<kw name="Take Screenshot" owner="Screenshot">
<msg time="2024-05-08T11:50:30.031023" level="INFO" html="true">&lt;a href="screenshot_3.jpg"&gt;&lt;img src="screenshot_3.jpg" width="800px"&gt;&lt;/a&gt;</msg>
<doc>Takes a screenshot in JPEG format and embeds it into the log file.</doc>
<status status="PASS" start="2024-05-08T11:50:29.746102" elapsed="0.285239"/>
</kw>
<kw name="Close Browser" owner="SeleniumLibrary">
<doc>Closes the current browser.</doc>
<status status="PASS" start="2024-05-08T11:50:30.031932" elapsed="0.158070"/>
</kw>
<status status="PASS" start="2024-05-08T11:50:24.206955" elapsed="5.983545"/>
</test>
<status status="PASS" start="2024-05-08T11:50:23.628235" elapsed="6.562998"/>
</suite>
<statistics>
<total>
<stat pass="1" fail="0" skip="0">All Tests</stat>
</total>
<tag>
</tag>
<suite>
<stat pass="1" fail="0" skip="0" id="s1" name="Logintest Accepted Users">Logintest Accepted Users</stat>
</suite>
</statistics>
<errors>
<msg time="2024-05-08T11:50:23.621876" level="WARN">Error in file '/Users/venkatabandi/google_backup/test_automation/robot-test-automation-sauce-demo/Tests/logintest_accepted_users.robot' on line 33: The '[Return]' setting is deprecated. Use the 'RETURN' statement instead.</msg>
</errors>
</robot>
