<?xml version="1.0" encoding="UTF-8"?>
<robot generator="Robot 7.0 (Python 3.11.5 on darwin)" generated="2024-05-14T11:35:51.797496" rpa="false" schemaversion="5">
<suite id="s1" name="Login Test Accepted Users" source="/Users/venkatabandi/google_backup/ta-sausedemo/ta-sausedemo/Tests/prod/login_test_accepted_users.robot">
<test id="s1-t1" name="LoginTestwithAcceptedUsernames" line="12">
<kw name="Valid login">
<kw name="Open my Browser" owner="logintest_common_resources">
<kw name="Open Browser" owner="SeleniumLibrary">
<msg time="2024-05-14T11:35:52.985266" level="INFO">Opening browser 'Chrome' to base url 'https://www.saucedemo.com/'.</msg>
<arg>${URL}</arg>
<arg>browser=${BROWSER}</arg>
<doc>Opens a new browser instance to the optional ``url``.</doc>
<status status="PASS" start="2024-05-14T11:35:52.984783" elapsed="2.507748"/>
</kw>
<kw name="Set Window Position" owner="SeleniumLibrary">
<arg>0</arg>
<arg>0</arg>
<doc>Sets window position using ``x`` and ``y`` coordinates.</doc>
<status status="PASS" start="2024-05-14T11:35:55.493210" elapsed="0.333102"/>
</kw>
<kw name="Set Window Size" owner="SeleniumLibrary">
<arg>960</arg>
<arg>1000</arg>
<doc>Sets current windows size to given ``width`` and ``height``.</doc>
<status status="PASS" start="2024-05-14T11:35:55.826562" elapsed="0.067558"/>
</kw>
<status status="PASS" start="2024-05-14T11:35:52.983814" elapsed="2.910500"/>
</kw>
<kw name="Input username" owner="logintest_common_resources">
<kw name="Input Text" owner="SeleniumLibrary">
<msg time="2024-05-14T11:35:55.895928" level="INFO">Typing text 'standard_user' into text field 'id=user-name'.</msg>
<arg>id=user-name</arg>
<arg>${username}</arg>
<doc>Types the given ``text`` into the text field identified by ``locator``.</doc>
<status status="PASS" start="2024-05-14T11:35:55.895163" elapsed="0.302659"/>
</kw>
<arg>${username}</arg>
<status status="PASS" start="2024-05-14T11:35:55.894640" elapsed="0.303340"/>
</kw>
<kw name="Input pwd" owner="logintest_common_resources">
<kw name="Input Text" owner="SeleniumLibrary">
<msg time="2024-05-14T11:35:56.198939" level="INFO">Typing text 'secret_sauce' into text field 'id=password'.</msg>
<arg>id=password</arg>
<arg>${password}</arg>
<doc>Types the given ``text`` into the text field identified by ``locator``.</doc>
<status status="PASS" start="2024-05-14T11:35:56.198668" elapsed="0.109305"/>
</kw>
<arg>${password}</arg>
<status status="PASS" start="2024-05-14T11:35:56.198213" elapsed="0.109905"/>
</kw>
<kw name="Click login button" owner="logintest_common_resources">
<kw name="Click Button" owner="SeleniumLibrary">
<msg time="2024-05-14T11:35:56.308866" level="INFO">Clicking button 'id=login-button'.</msg>
<arg>id=login-button</arg>
<doc>Clicks the button identified by ``locator``.</doc>
<status status="PASS" start="2024-05-14T11:35:56.308662" elapsed="0.146341"/>
</kw>
<status status="PASS" start="2024-05-14T11:35:56.308326" elapsed="0.146841"/>
</kw>
<kw name="Welcome page should be visible" owner="logintest_common_resources">
<kw name="Page Should Contain Element" owner="SeleniumLibrary">
<msg time="2024-05-14T11:35:56.471570" level="INFO">Current page contains element 'xpath=//*[@id="shopping_cart_container"]'.</msg>
<arg>xpath=//*[@id="shopping_cart_container"]</arg>
<doc>Verifies that element ``locator`` is found on the current page.</doc>
<status status="PASS" start="2024-05-14T11:35:56.455747" elapsed="0.016020"/>
</kw>
<status status="PASS" start="2024-05-14T11:35:56.455381" elapsed="0.016807"/>
</kw>
<arg>username=standard_user</arg>
<arg>password=secret_sauce</arg>
<tag>Acceptedusers</tag>
<status status="PASS" start="2024-05-14T11:35:52.983335" elapsed="3.489040"/>
</kw>
<status status="PASS" start="2024-05-14T11:35:52.981592" elapsed="3.491389"/>
</test>
<test id="s1-t2" name="LoginTestwithAcceptedUsernames" line="12">
<kw name="Valid login">
<kw name="Open my Browser" owner="logintest_common_resources">
<kw name="Open Browser" owner="SeleniumLibrary">
<msg time="2024-05-14T11:35:56.478370" level="INFO">Opening browser 'Chrome' to base url 'https://www.saucedemo.com/'.</msg>
<arg>${URL}</arg>
<arg>browser=${BROWSER}</arg>
<doc>Opens a new browser instance to the optional ``url``.</doc>
<status status="PASS" start="2024-05-14T11:35:56.477779" elapsed="2.828583"/>
</kw>
<kw name="Set Window Position" owner="SeleniumLibrary">
<arg>0</arg>
<arg>0</arg>
<doc>Sets window position using ``x`` and ``y`` coordinates.</doc>
<status status="PASS" start="2024-05-14T11:35:59.307272" elapsed="0.333143"/>
</kw>
<kw name="Set Window Size" owner="SeleniumLibrary">
<arg>960</arg>
<arg>1000</arg>
<doc>Sets current windows size to given ``width`` and ``height``.</doc>
<status status="PASS" start="2024-05-14T11:35:59.640707" elapsed="0.078996"/>
</kw>
<status status="PASS" start="2024-05-14T11:35:56.477135" elapsed="3.242818"/>
</kw>
<kw name="Input username" owner="logintest_common_resources">
<kw name="Input Text" owner="SeleniumLibrary">
<msg time="2024-05-14T11:35:59.721905" level="INFO">Typing text 'locked_out_user' into text field 'id=user-name'.</msg>
<arg>id=user-name</arg>
<arg>${username}</arg>
<doc>Types the given ``text`` into the text field identified by ``locator``.</doc>
<status status="PASS" start="2024-05-14T11:35:59.721282" elapsed="0.334913"/>
</kw>
<arg>${username}</arg>
<status status="PASS" start="2024-05-14T11:35:59.720370" elapsed="0.336044"/>
</kw>
<kw name="Input pwd" owner="logintest_common_resources">
<kw name="Input Text" owner="SeleniumLibrary">
<msg time="2024-05-14T11:36:00.057539" level="INFO">Typing text 'secret_sauce' into text field 'id=password'.</msg>
<arg>id=password</arg>
<arg>${password}</arg>
<doc>Types the given ``text`` into the text field identified by ``locator``.</doc>
<status status="PASS" start="2024-05-14T11:36:00.057163" elapsed="0.130867"/>
</kw>
<arg>${password}</arg>
<status status="PASS" start="2024-05-14T11:36:00.056657" elapsed="0.131514"/>
</kw>
<kw name="Click login button" owner="logintest_common_resources">
<kw name="Click Button" owner="SeleniumLibrary">
<msg time="2024-05-14T11:36:00.189104" level="INFO">Clicking button 'id=login-button'.</msg>
<arg>id=login-button</arg>
<doc>Clicks the button identified by ``locator``.</doc>
<status status="PASS" start="2024-05-14T11:36:00.188783" elapsed="0.128566"/>
</kw>
<status status="PASS" start="2024-05-14T11:36:00.188360" elapsed="0.129187"/>
</kw>
<kw name="Welcome page should be visible" owner="logintest_common_resources">
<kw name="Page Should Contain Element" owner="SeleniumLibrary">
<msg time="2024-05-14T11:36:00.448103" level="INFO" html="true">&lt;/td&gt;&lt;/tr&gt;&lt;tr&gt;&lt;td colspan="3"&gt;&lt;a href="selenium-screenshot-2.png"&gt;&lt;img src="selenium-screenshot-2.png" width="800px"&gt;&lt;/a&gt;</msg>
<msg time="2024-05-14T11:36:00.448552" level="FAIL">Page should have contained element 'xpath=//*[@id="shopping_cart_container"]' but did not.</msg>
<arg>xpath=//*[@id="shopping_cart_container"]</arg>
<doc>Verifies that element ``locator`` is found on the current page.</doc>
<status status="FAIL" start="2024-05-14T11:36:00.318213" elapsed="0.136040">Page should have contained element 'xpath=//*[@id="shopping_cart_container"]' but did not.</status>
</kw>
<status status="FAIL" start="2024-05-14T11:36:00.317781" elapsed="0.136734">Page should have contained element 'xpath=//*[@id="shopping_cart_container"]' but did not.</status>
</kw>
<arg>username=locked_out_user</arg>
<arg>password=secret_sauce</arg>
<tag>Acceptedusers</tag>
<status status="FAIL" start="2024-05-14T11:35:56.476429" elapsed="3.978223">Page should have contained element 'xpath=//*[@id="shopping_cart_container"]' but did not.</status>
</kw>
<status status="FAIL" start="2024-05-14T11:35:56.474023" elapsed="3.980991">Page should have contained element 'xpath=//*[@id="shopping_cart_container"]' but did not.</status>
</test>
<test id="s1-t3" name="LoginTestwithAcceptedUsernames" line="12">
<kw name="Valid login">
<kw name="Open my Browser" owner="logintest_common_resources">
<kw name="Open Browser" owner="SeleniumLibrary">
<msg time="2024-05-14T11:36:00.459030" level="INFO">Opening browser 'Chrome' to base url 'https://www.saucedemo.com/'.</msg>
<arg>${URL}</arg>
<arg>browser=${BROWSER}</arg>
<doc>Opens a new browser instance to the optional ``url``.</doc>
<status status="PASS" start="2024-05-14T11:36:00.458600" elapsed="2.909850"/>
</kw>
<kw name="Set Window Position" owner="SeleniumLibrary">
<arg>0</arg>
<arg>0</arg>
<doc>Sets window position using ``x`` and ``y`` coordinates.</doc>
<status status="PASS" start="2024-05-14T11:36:03.369468" elapsed="0.339229"/>
</kw>
<kw name="Set Window Size" owner="SeleniumLibrary">
<arg>960</arg>
<arg>1000</arg>
<doc>Sets current windows size to given ``width`` and ``height``.</doc>
<status status="PASS" start="2024-05-14T11:36:03.709091" elapsed="0.080779"/>
</kw>
<status status="PASS" start="2024-05-14T11:36:00.458178" elapsed="3.331937"/>
</kw>
<kw name="Input username" owner="logintest_common_resources">
<kw name="Input Text" owner="SeleniumLibrary">
<msg time="2024-05-14T11:36:03.792414" level="INFO">Typing text 'problem_user' into text field 'id=user-name'.</msg>
<arg>id=user-name</arg>
<arg>${username}</arg>
<doc>Types the given ``text`` into the text field identified by ``locator``.</doc>
<status status="PASS" start="2024-05-14T11:36:03.791518" elapsed="0.383467"/>
</kw>
<arg>${username}</arg>
<status status="PASS" start="2024-05-14T11:36:03.790595" elapsed="0.384607"/>
</kw>
<kw name="Input pwd" owner="logintest_common_resources">
<kw name="Input Text" owner="SeleniumLibrary">
<msg time="2024-05-14T11:36:04.176493" level="INFO">Typing text 'secret_sauce' into text field 'id=password'.</msg>
<arg>id=password</arg>
<arg>${password}</arg>
<doc>Types the given ``text`` into the text field identified by ``locator``.</doc>
<status status="PASS" start="2024-05-14T11:36:04.176061" elapsed="0.214471"/>
</kw>
<arg>${password}</arg>
<status status="PASS" start="2024-05-14T11:36:04.175515" elapsed="0.215472"/>
</kw>
<kw name="Click login button" owner="logintest_common_resources">
<kw name="Click Button" owner="SeleniumLibrary">
<msg time="2024-05-14T11:36:04.392827" level="INFO">Clicking button 'id=login-button'.</msg>
<arg>id=login-button</arg>
<doc>Clicks the button identified by ``locator``.</doc>
<status status="PASS" start="2024-05-14T11:36:04.392375" elapsed="0.222031"/>
</kw>
<status status="PASS" start="2024-05-14T11:36:04.391464" elapsed="0.223255"/>
</kw>
<kw name="Welcome page should be visible" owner="logintest_common_resources">
<kw name="Page Should Contain Element" owner="SeleniumLibrary">
<msg time="2024-05-14T11:36:04.637097" level="INFO">Current page contains element 'xpath=//*[@id="shopping_cart_container"]'.</msg>
<arg>xpath=//*[@id="shopping_cart_container"]</arg>
<doc>Verifies that element ``locator`` is found on the current page.</doc>
<status status="PASS" start="2024-05-14T11:36:04.616300" elapsed="0.020952"/>
</kw>
<status status="PASS" start="2024-05-14T11:36:04.615380" elapsed="0.022047"/>
</kw>
<arg>username=problem_user</arg>
<arg>password=secret_sauce</arg>
<tag>Acceptedusers</tag>
<status status="PASS" start="2024-05-14T11:36:00.457627" elapsed="4.179929"/>
</kw>
<status status="PASS" start="2024-05-14T11:36:00.455715" elapsed="4.182319"/>
</test>
<test id="s1-t4" name="LoginTestwithAcceptedUsernames" line="12">
<kw name="Valid login">
<kw name="Open my Browser" owner="logintest_common_resources">
<kw name="Open Browser" owner="SeleniumLibrary">
<msg time="2024-05-14T11:36:04.643137" level="INFO">Opening browser 'Chrome' to base url 'https://www.saucedemo.com/'.</msg>
<arg>${URL}</arg>
<arg>browser=${BROWSER}</arg>
<doc>Opens a new browser instance to the optional ``url``.</doc>
<status status="PASS" start="2024-05-14T11:36:04.642726" elapsed="4.671775"/>
</kw>
<kw name="Set Window Position" owner="SeleniumLibrary">
<arg>0</arg>
<arg>0</arg>
<doc>Sets window position using ``x`` and ``y`` coordinates.</doc>
<status status="PASS" start="2024-05-14T11:36:09.315708" elapsed="0.323930"/>
</kw>
<kw name="Set Window Size" owner="SeleniumLibrary">
<arg>960</arg>
<arg>1000</arg>
<doc>Sets current windows size to given ``width`` and ``height``.</doc>
<status status="PASS" start="2024-05-14T11:36:09.639955" elapsed="0.092460"/>
</kw>
<status status="PASS" start="2024-05-14T11:36:04.642303" elapsed="5.090610"/>
</kw>
<kw name="Input username" owner="logintest_common_resources">
<kw name="Input Text" owner="SeleniumLibrary">
<msg time="2024-05-14T11:36:09.735631" level="INFO">Typing text 'performance_glitch_user' into text field 'id=user-name'.</msg>
<arg>id=user-name</arg>
<arg>${username}</arg>
<doc>Types the given ``text`` into the text field identified by ``locator``.</doc>
<status status="PASS" start="2024-05-14T11:36:09.734856" elapsed="0.369313"/>
</kw>
<arg>${username}</arg>
<status status="PASS" start="2024-05-14T11:36:09.733581" elapsed="0.370856"/>
</kw>
<kw name="Input pwd" owner="logintest_common_resources">
<kw name="Input Text" owner="SeleniumLibrary">
<msg time="2024-05-14T11:36:10.105590" level="INFO">Typing text 'secret_sauce' into text field 'id=password'.</msg>
<arg>id=password</arg>
<arg>${password}</arg>
<doc>Types the given ``text`` into the text field identified by ``locator``.</doc>
<status status="PASS" start="2024-05-14T11:36:10.105250" elapsed="0.172798"/>
</kw>
<arg>${password}</arg>
<status status="PASS" start="2024-05-14T11:36:10.104713" elapsed="0.173709"/>
</kw>
<kw name="Click login button" owner="logintest_common_resources">
<kw name="Click Button" owner="SeleniumLibrary">
<msg time="2024-05-14T11:36:10.279660" level="INFO">Clicking button 'id=login-button'.</msg>
<arg>id=login-button</arg>
<doc>Clicks the button identified by ``locator``.</doc>
<status status="PASS" start="2024-05-14T11:36:10.279328" elapsed="5.180477"/>
</kw>
<status status="PASS" start="2024-05-14T11:36:10.278744" elapsed="5.181465"/>
</kw>
<kw name="Welcome page should be visible" owner="logintest_common_resources">
<kw name="Page Should Contain Element" owner="SeleniumLibrary">
<msg time="2024-05-14T11:36:15.492179" level="INFO">Current page contains element 'xpath=//*[@id="shopping_cart_container"]'.</msg>
<arg>xpath=//*[@id="shopping_cart_container"]</arg>
<doc>Verifies that element ``locator`` is found on the current page.</doc>
<status status="PASS" start="2024-05-14T11:36:15.461081" elapsed="0.031294"/>
</kw>
<status status="PASS" start="2024-05-14T11:36:15.460549" elapsed="0.032012"/>
</kw>
<arg>username=performance_glitch_user</arg>
<arg>password=secret_sauce</arg>
<tag>Acceptedusers</tag>
<status status="PASS" start="2024-05-14T11:36:04.641749" elapsed="10.850937"/>
</kw>
<status status="PASS" start="2024-05-14T11:36:04.639228" elapsed="10.853914"/>
</test>
<test id="s1-t5" name="LoginTestwithAcceptedUsernames" line="12">
<kw name="Valid login">
<kw name="Open my Browser" owner="logintest_common_resources">
<kw name="Open Browser" owner="SeleniumLibrary">
<msg time="2024-05-14T11:36:15.499313" level="INFO">Opening browser 'Chrome' to base url 'https://www.saucedemo.com/'.</msg>
<arg>${URL}</arg>
<arg>browser=${BROWSER}</arg>
<doc>Opens a new browser instance to the optional ``url``.</doc>
<status status="PASS" start="2024-05-14T11:36:15.498483" elapsed="4.456349"/>
</kw>
<kw name="Set Window Position" owner="SeleniumLibrary">
<arg>0</arg>
<arg>0</arg>
<doc>Sets window position using ``x`` and ``y`` coordinates.</doc>
<status status="PASS" start="2024-05-14T11:36:19.956077" elapsed="0.337714"/>
</kw>
<kw name="Set Window Size" owner="SeleniumLibrary">
<arg>960</arg>
<arg>1000</arg>
<doc>Sets current windows size to given ``width`` and ``height``.</doc>
<status status="PASS" start="2024-05-14T11:36:20.294165" elapsed="0.105453"/>
</kw>
<status status="PASS" start="2024-05-14T11:36:15.497853" elapsed="4.902036"/>
</kw>
<kw name="Input username" owner="logintest_common_resources">
<kw name="Input Text" owner="SeleniumLibrary">
<msg time="2024-05-14T11:36:20.401531" level="INFO">Typing text 'error_user' into text field 'id=user-name'.</msg>
<arg>id=user-name</arg>
<arg>${username}</arg>
<doc>Types the given ``text`` into the text field identified by ``locator``.</doc>
<status status="PASS" start="2024-05-14T11:36:20.401152" elapsed="0.400672"/>
</kw>
<arg>${username}</arg>
<status status="PASS" start="2024-05-14T11:36:20.400336" elapsed="0.407980"/>
</kw>
<kw name="Input pwd" owner="logintest_common_resources">
<kw name="Input Text" owner="SeleniumLibrary">
<msg time="2024-05-14T11:36:20.810015" level="INFO">Typing text 'secret_sauce' into text field 'id=password'.</msg>
<arg>id=password</arg>
<arg>${password}</arg>
<doc>Types the given ``text`` into the text field identified by ``locator``.</doc>
<status status="PASS" start="2024-05-14T11:36:20.809598" elapsed="0.191523"/>
</kw>
<arg>${password}</arg>
<status status="PASS" start="2024-05-14T11:36:20.808712" elapsed="0.192607"/>
</kw>
<kw name="Click login button" owner="logintest_common_resources">
<kw name="Click Button" owner="SeleniumLibrary">
<msg time="2024-05-14T11:36:21.002608" level="INFO">Clicking button 'id=login-button'.</msg>
<arg>id=login-button</arg>
<doc>Clicks the button identified by ``locator``.</doc>
<status status="PASS" start="2024-05-14T11:36:21.002213" elapsed="0.189243"/>
</kw>
<status status="PASS" start="2024-05-14T11:36:21.001643" elapsed="0.190012"/>
</kw>
<kw name="Welcome page should be visible" owner="logintest_common_resources">
<kw name="Page Should Contain Element" owner="SeleniumLibrary">
<msg time="2024-05-14T11:36:21.212943" level="INFO">Current page contains element 'xpath=//*[@id="shopping_cart_container"]'.</msg>
<arg>xpath=//*[@id="shopping_cart_container"]</arg>
<doc>Verifies that element ``locator`` is found on the current page.</doc>
<status status="PASS" start="2024-05-14T11:36:21.192403" elapsed="0.020705"/>
</kw>
<status status="PASS" start="2024-05-14T11:36:21.191928" elapsed="0.021355"/>
</kw>
<arg>username=error_user</arg>
<arg>password=secret_sauce</arg>
<tag>Acceptedusers</tag>
<status status="PASS" start="2024-05-14T11:36:15.497140" elapsed="5.716268"/>
</kw>
<status status="PASS" start="2024-05-14T11:36:15.494159" elapsed="5.720083"/>
</test>
<test id="s1-t6" name="LoginTestwithAcceptedUsernames" line="12">
<kw name="Valid login">
<kw name="Open my Browser" owner="logintest_common_resources">
<kw name="Open Browser" owner="SeleniumLibrary">
<msg time="2024-05-14T11:36:21.223345" level="INFO">Opening browser 'Chrome' to base url 'https://www.saucedemo.com/'.</msg>
<arg>${URL}</arg>
<arg>browser=${BROWSER}</arg>
<doc>Opens a new browser instance to the optional ``url``.</doc>
<status status="PASS" start="2024-05-14T11:36:21.222753" elapsed="2.900832"/>
</kw>
<kw name="Set Window Position" owner="SeleniumLibrary">
<arg>0</arg>
<arg>0</arg>
<doc>Sets window position using ``x`` and ``y`` coordinates.</doc>
<status status="PASS" start="2024-05-14T11:36:24.124612" elapsed="0.917122"/>
</kw>
<kw name="Set Window Size" owner="SeleniumLibrary">
<arg>960</arg>
<arg>1000</arg>
<doc>Sets current windows size to given ``width`` and ``height``.</doc>
<status status="PASS" start="2024-05-14T11:36:25.042078" elapsed="0.176294"/>
</kw>
<status status="PASS" start="2024-05-14T11:36:21.221976" elapsed="3.996693"/>
</kw>
<kw name="Input username" owner="logintest_common_resources">
<kw name="Input Text" owner="SeleniumLibrary">
<msg time="2024-05-14T11:36:25.220997" level="INFO">Typing text 'visual_user' into text field 'id=user-name'.</msg>
<arg>id=user-name</arg>
<arg>${username}</arg>
<doc>Types the given ``text`` into the text field identified by ``locator``.</doc>
<status status="PASS" start="2024-05-14T11:36:25.220404" elapsed="0.433785"/>
</kw>
<arg>${username}</arg>
<status status="PASS" start="2024-05-14T11:36:25.219319" elapsed="0.435077"/>
</kw>
<kw name="Input pwd" owner="logintest_common_resources">
<kw name="Input Text" owner="SeleniumLibrary">
<msg time="2024-05-14T11:36:25.655650" level="INFO">Typing text 'secret_sauce' into text field 'id=password'.</msg>
<arg>id=password</arg>
<arg>${password}</arg>
<doc>Types the given ``text`` into the text field identified by ``locator``.</doc>
<status status="PASS" start="2024-05-14T11:36:25.655288" elapsed="0.304323"/>
</kw>
<arg>${password}</arg>
<status status="PASS" start="2024-05-14T11:36:25.654699" elapsed="0.305164"/>
</kw>
<kw name="Click login button" owner="logintest_common_resources">
<kw name="Click Button" owner="SeleniumLibrary">
<msg time="2024-05-14T11:36:25.961165" level="INFO">Clicking button 'id=login-button'.</msg>
<arg>id=login-button</arg>
<doc>Clicks the button identified by ``locator``.</doc>
<status status="PASS" start="2024-05-14T11:36:25.960790" elapsed="0.203746"/>
</kw>
<status status="PASS" start="2024-05-14T11:36:25.960198" elapsed="0.204580"/>
</kw>
<kw name="Welcome page should be visible" owner="logintest_common_resources">
<kw name="Page Should Contain Element" owner="SeleniumLibrary">
<msg time="2024-05-14T11:36:26.195620" level="INFO">Current page contains element 'xpath=//*[@id="shopping_cart_container"]'.</msg>
<arg>xpath=//*[@id="shopping_cart_container"]</arg>
<doc>Verifies that element ``locator`` is found on the current page.</doc>
<status status="PASS" start="2024-05-14T11:36:26.165755" elapsed="0.030005"/>
</kw>
<status status="PASS" start="2024-05-14T11:36:26.165194" elapsed="0.030733"/>
</kw>
<arg>username=visual_user</arg>
<arg>password=secret_sauce</arg>
<tag>Acceptedusers</tag>
<status status="PASS" start="2024-05-14T11:36:21.220797" elapsed="4.975297"/>
</kw>
<status status="PASS" start="2024-05-14T11:36:21.216560" elapsed="4.980249"/>
</test>
<kw name="Close Browsers" owner="logintest_common_resources" type="TEARDOWN">
<kw name="Close All Browsers" owner="SeleniumLibrary">
<doc>Closes all open browsers and resets the browser cache.</doc>
<status status="PASS" start="2024-05-14T11:36:26.198850" elapsed="3.824507"/>
</kw>
<status status="PASS" start="2024-05-14T11:36:26.198186" elapsed="3.825363"/>
</kw>
<status status="FAIL" start="2024-05-14T11:35:51.798777" elapsed="38.224841"/>
</suite>
<statistics>
<total>
<stat pass="5" fail="1" skip="0">All Tests</stat>
</total>
<tag>
</tag>
<suite>
<stat pass="5" fail="1" skip="0" id="s1" name="Login Test Accepted Users">Login Test Accepted Users</stat>
</suite>
</statistics>
<errors>
<msg time="2024-05-14T11:35:56.473807" level="WARN">Multiple tests with name 'LoginTestwithAcceptedUsernames' executed in suite 'Login Test Accepted Users'.</msg>
<msg time="2024-05-14T11:36:00.455577" level="WARN">Multiple tests with name 'LoginTestwithAcceptedUsernames' executed in suite 'Login Test Accepted Users'.</msg>
<msg time="2024-05-14T11:36:04.638880" level="WARN">Multiple tests with name 'LoginTestwithAcceptedUsernames' executed in suite 'Login Test Accepted Users'.</msg>
<msg time="2024-05-14T11:36:15.493826" level="WARN">Multiple tests with name 'LoginTestwithAcceptedUsernames' executed in suite 'Login Test Accepted Users'.</msg>
<msg time="2024-05-14T11:36:21.215674" level="WARN">Multiple tests with name 'LoginTestwithAcceptedUsernames' executed in suite 'Login Test Accepted Users'.</msg>
</errors>
</robot>
